# JRE version: OpenJDK Runtime Environment Microsoft-8035246 (17.0.8+7) (build 17.0.8+7-LTS)
# Java VM: OpenJDK 64-Bit Server VM Microsoft-8035246 (17.0.8+7-LTS, mixed mode, sharing, tiered, compressed oops, compressed class ptrs, g1 gc, windows-amd64)
GC Precious Log:
 CPUs: 12 total, 12 available
 Memory: 16291M
 Large Page Support: Disabled
 NUMA Support: Disabled
 Compressed Oops: Enabled (Zero based)
 Heap Region Size: 2M
 Heap Min Capacity: 8M
 Heap Initial Capacity: 256M
 Heap Max Capacity: 4074M
 Pre-touch: Disabled
 Parallel Workers: 10
 Concurrent Workers: 3
 Concurrent Refinement Workers: 10
 Periodic GC: Disabled
Heap:
 garbage-first heap   total 141312K, used 82755K [0x0000000701600000, 0x0000000800000000)
  region size 2048K, 25 young (51200K), 1 survivors (2048K)
 Metaspace       used 49406K, committed 49664K, reserved 1114112K
  class space    used 6122K, committed 6272K, reserved 1048576K
GC Heap History (16 events):
Event: 0.650 GC heap before
{Heap before GC invocations=0 (full 0):
 garbage-first heap   total 262144K, used 24576K [0x0000000701600000, 0x0000000800000000)
  region size 2048K, 11 young (22528K), 0 survivors (0K)
 Metaspace       used 6199K, committed 6336K, reserved 1114112K
  class space    used 622K, committed 704K, reserved 1048576K
}
Event: 0.672 GC heap after
{Heap after GC invocations=1 (full 0):
 garbage-first heap   total 262144K, used 6837K [0x0000000701600000, 0x0000000800000000)
  region size 2048K, 2 young (4096K), 2 survivors (4096K)
 Metaspace       used 6199K, committed 6336K, reserved 1114112K
  class space    used 622K, committed 704K, reserved 1048576K
}
Event: 1.442 GC heap before
{Heap before GC invocations=1 (full 0):
 garbage-first heap   total 262144K, used 43701K [0x0000000701600000, 0x0000000800000000)
  region size 2048K, 20 young (40960K), 2 survivors (4096K)
 Metaspace       used 14583K, committed 14784K, reserved 1114112K
  class space    used 1691K, committed 1792K, reserved 1048576K
}
Event: 1.447 GC heap after
{Heap after GC invocations=2 (full 0):
 garbage-first heap   total 262144K, used 10254K [0x0000000701600000, 0x0000000800000000)
  region size 2048K, 3 young (6144K), 3 survivors (6144K)
 Metaspace       used 14583K, committed 14784K, reserved 1114112K
  class space    used 1691K, committed 1792K, reserved 1048576K
}
Event: 2.160 GC heap before
{Heap before GC invocations=2 (full 0):
 garbage-first heap   total 262144K, used 36878K [0x0000000701600000, 0x0000000800000000)
  region size 2048K, 15 young (30720K), 3 survivors (6144K)
 Metaspace       used 21336K, committed 21504K, reserved 1114112K
  class space    used 2797K, committed 2880K, reserved 1048576K
}
Event: 2.167 GC heap after
{Heap after GC invocations=3 (full 0):
 garbage-first heap   total 262144K, used 16689K [0x0000000701600000, 0x0000000800000000)
  region size 2048K, 5 young (10240K), 5 survivors (10240K)
 Metaspace       used 21336K, committed 21504K, reserved 1114112K
  class space    used 2797K, committed 2880K, reserved 1048576K
}
Event: 4.248 GC heap before
{Heap before GC invocations=4 (full 0):
 garbage-first heap   total 81920K, used 57649K [0x0000000701600000, 0x0000000800000000)
  region size 2048K, 24 young (49152K), 5 survivors (10240K)
 Metaspace       used 27563K, committed 27776K, reserved 1114112K
  class space    used 3690K, committed 3776K, reserved 1048576K
}
Event: 4.264 GC heap after
{Heap after GC invocations=5 (full 0):
 garbage-first heap   total 81920K, used 22341K [0x0000000701600000, 0x0000000800000000)
  region size 2048K, 3 young (6144K), 3 survivors (6144K)
 Metaspace       used 27563K, committed 27776K, reserved 1114112K
  class space    used 3690K, committed 3776K, reserved 1048576K
}
Event: 4.309 GC heap before
{Heap before GC invocations=5 (full 0):
 garbage-first heap   total 81920K, used 24389K [0x0000000701600000, 0x0000000800000000)
  region size 2048K, 4 young (8192K), 3 survivors (6144K)
 Metaspace       used 27985K, committed 28224K, reserved 1114112K
  class space    used 3739K, committed 3840K, reserved 1048576K
}
Event: 4.317 GC heap after
{Heap after GC invocations=6 (full 0):
 garbage-first heap   total 81920K, used 24072K [0x0000000701600000, 0x0000000800000000)
  region size 2048K, 1 young (2048K), 1 survivors (2048K)
 Metaspace       used 27985K, committed 28224K, reserved 1114112K
  class space    used 3739K, committed 3840K, reserved 1048576K
}
Event: 5.174 GC heap before
{Heap before GC invocations=6 (full 0):
 garbage-first heap   total 81920K, used 54792K [0x0000000701600000, 0x0000000800000000)
  region size 2048K, 17 young (34816K), 1 survivors (2048K)
 Metaspace       used 34923K, committed 35136K, reserved 1114112K
  class space    used 4367K, committed 4480K, reserved 1048576K
}
Event: 5.187 GC heap after
{Heap after GC invocations=7 (full 0):
 garbage-first heap   total 81920K, used 26632K [0x0000000701600000, 0x0000000800000000)
  region size 2048K, 2 young (4096K), 2 survivors (4096K)
 Metaspace       used 34923K, committed 35136K, reserved 1114112K
  class space    used 4367K, committed 4480K, reserved 1048576K
}
Event: 6.146 GC heap before
{Heap before GC invocations=8 (full 0):
 garbage-first heap   total 81920K, used 59400K [0x0000000701600000, 0x0000000800000000)
  region size 2048K, 18 young (36864K), 2 survivors (4096K)
 Metaspace       used 39416K, committed 39680K, reserved 1114112K
  class space    used 4870K, committed 4992K, reserved 1048576K
}
Event: 6.164 GC heap after
{Heap after GC invocations=9 (full 0):
 garbage-first heap   total 81920K, used 34114K [0x0000000701600000, 0x0000000800000000)
  region size 2048K, 3 young (6144K), 3 survivors (6144K)
 Metaspace       used 39416K, committed 39680K, reserved 1114112K
  class space    used 4870K, committed 4992K, reserved 1048576K
}
Event: 6.547 GC heap before
{Heap before GC invocations=9 (full 0):
 garbage-first heap   total 81920K, used 60738K [0x0000000701600000, 0x0000000800000000)
  region size 2048K, 16 young (32768K), 3 survivors (6144K)
 Metaspace       used 41148K, committed 41408K, reserved 1114112K
  class space    used 5062K, committed 5184K, reserved 1048576K
}
Event: 6.559 GC heap after
{Heap after GC invocations=10 (full 0):
 garbage-first heap   total 141312K, used 35651K [0x0000000701600000, 0x0000000800000000)
  region size 2048K, 1 young (2048K), 1 survivors (2048K)
 Metaspace       used 41148K, committed 41408K, reserved 1114112K
  class space    used 5062K, committed 5184K, reserved 1048576K
}

