# JRE version: OpenJDK Runtime Environment Microsoft-8035246 (17.0.8+7) (build 17.0.8+7-LTS)
# Java VM: OpenJDK 64-Bit Server VM Microsoft-8035246 (17.0.8+7-LTS, mixed mode, sharing, tiered, compressed oops, compressed class ptrs, g1 gc, windows-amd64)
GC Precious Log:
 CPUs: 12 total, 12 available
 Memory: 16291M
 Large Page Support: Disabled
 NUMA Support: Disabled
 Compressed Oops: Enabled (Zero based)
 Heap Region Size: 2M
 Heap Min Capacity: 8M
 Heap Initial Capacity: 256M
 Heap Max Capacity: 4074M
 Pre-touch: Disabled
 Parallel Workers: 10
 Concurrent Workers: 3
 Concurrent Refinement Workers: 10
 Periodic GC: Disabled
Heap:
 garbage-first heap   total 305152K, used 165219K [0x0000000701600000, 0x0000000800000000)
  region size 2048K, 27 young (55296K), 6 survivors (12288K)
 Metaspace       used 78144K, committed 78464K, reserved 1179648K
  class space    used 8537K, committed 8704K, reserved 1048576K
GC Heap History (20 events):
Event: 2.948 GC heap before
{Heap before GC invocations=10 (full 0):
 garbage-first heap   total 102400K, used 39483K [0x0000000701600000, 0x0000000800000000)
  region size 2048K, 5 young (10240K), 4 survivors (8192K)
 Metaspace       used 41778K, committed 41984K, reserved 1114112K
  class space    used 5093K, committed 5184K, reserved 1048576K
}
Event: 2.959 GC heap after
{Heap after GC invocations=11 (full 0):
 garbage-first heap   total 102400K, used 38977K [0x0000000701600000, 0x0000000800000000)
  region size 2048K, 1 young (2048K), 1 survivors (2048K)
 Metaspace       used 41778K, committed 41984K, reserved 1114112K
  class space    used 5093K, committed 5184K, reserved 1048576K
}
Event: 3.517 GC heap before
{Heap before GC invocations=11 (full 0):
 garbage-first heap   total 102400K, used 75841K [0x0000000701600000, 0x0000000800000000)
  region size 2048K, 19 young (38912K), 1 survivors (2048K)
 Metaspace       used 46803K, committed 47040K, reserved 1114112K
  class space    used 5677K, committed 5760K, reserved 1048576K
}
Event: 3.528 GC heap after
{Heap after GC invocations=12 (full 0):
 garbage-first heap   total 102400K, used 42620K [0x0000000701600000, 0x0000000800000000)
  region size 2048K, 3 young (6144K), 3 survivors (6144K)
 Metaspace       used 46803K, committed 47040K, reserved 1114112K
  class space    used 5677K, committed 5760K, reserved 1048576K
}
Event: 4.289 GC heap before
{Heap before GC invocations=12 (full 0):
 garbage-first heap   total 102400K, used 75388K [0x0000000701600000, 0x0000000800000000)
  region size 2048K, 19 young (38912K), 3 survivors (6144K)
 Metaspace       used 50822K, committed 51072K, reserved 1114112K
  class space    used 6071K, committed 6208K, reserved 1048576K
}
Event: 4.305 GC heap after
{Heap after GC invocations=13 (full 0):
 garbage-first heap   total 253952K, used 48007K [0x0000000701600000, 0x0000000800000000)
  region size 2048K, 3 young (6144K), 3 survivors (6144K)
 Metaspace       used 50822K, committed 51072K, reserved 1114112K
  class space    used 6071K, committed 6208K, reserved 1048576K
}
Event: 5.331 GC heap before
{Heap before GC invocations=13 (full 0):
 garbage-first heap   total 253952K, used 168839K [0x0000000701600000, 0x0000000800000000)
  region size 2048K, 62 young (126976K), 3 survivors (6144K)
 Metaspace       used 52861K, committed 53248K, reserved 1114112K
  class space    used 6273K, committed 6464K, reserved 1048576K
}
Event: 5.352 GC heap after
{Heap after GC invocations=14 (full 0):
 garbage-first heap   total 253952K, used 66149K [0x0000000701600000, 0x0000000800000000)
  region size 2048K, 8 young (16384K), 8 survivors (16384K)
 Metaspace       used 52861K, committed 53248K, reserved 1114112K
  class space    used 6273K, committed 6464K, reserved 1048576K
}
Event: 6.706 GC heap before
{Heap before GC invocations=14 (full 0):
 garbage-first heap   total 253952K, used 168549K [0x0000000701600000, 0x0000000800000000)
  region size 2048K, 58 young (118784K), 8 survivors (16384K)
 Metaspace       used 57415K, committed 57728K, reserved 1114112K
  class space    used 6677K, committed 6848K, reserved 1048576K
}
Event: 6.723 GC heap after
{Heap after GC invocations=15 (full 0):
 garbage-first heap   total 253952K, used 75485K [0x0000000701600000, 0x0000000800000000)
  region size 2048K, 5 young (10240K), 5 survivors (10240K)
 Metaspace       used 57415K, committed 57728K, reserved 1114112K
  class space    used 6677K, committed 6848K, reserved 1048576K
}
Event: 7.635 GC heap before
{Heap before GC invocations=15 (full 0):
 garbage-first heap   total 253952K, used 110301K [0x0000000701600000, 0x0000000800000000)
  region size 2048K, 23 young (47104K), 5 survivors (10240K)
 Metaspace       used 59765K, committed 60096K, reserved 1114112K
  class space    used 6901K, committed 7104K, reserved 1048576K
}
Event: 7.647 GC heap after
{Heap after GC invocations=16 (full 0):
 garbage-first heap   total 253952K, used 81889K [0x0000000701600000, 0x0000000800000000)
  region size 2048K, 3 young (6144K), 3 survivors (6144K)
 Metaspace       used 59765K, committed 60096K, reserved 1114112K
  class space    used 6901K, committed 7104K, reserved 1048576K
}
Event: 9.975 GC heap before
{Heap before GC invocations=17 (full 0):
 garbage-first heap   total 253952K, used 184289K [0x0000000701600000, 0x0000000800000000)
  region size 2048K, 52 young (106496K), 3 survivors (6144K)
 Metaspace       used 60867K, committed 61184K, reserved 1114112K
  class space    used 6947K, committed 7104K, reserved 1048576K
}
Event: 9.988 GC heap after
{Heap after GC invocations=18 (full 0):
 garbage-first heap   total 253952K, used 91363K [0x0000000701600000, 0x0000000800000000)
  region size 2048K, 7 young (14336K), 7 survivors (14336K)
 Metaspace       used 60867K, committed 61184K, reserved 1114112K
  class space    used 6947K, committed 7104K, reserved 1048576K
}
Event: 11.386 GC heap before
{Heap before GC invocations=18 (full 0):
 garbage-first heap   total 253952K, used 189667K [0x0000000701600000, 0x0000000800000000)
  region size 2048K, 55 young (112640K), 7 survivors (14336K)
 Metaspace       used 62220K, committed 62528K, reserved 1114112K
  class space    used 6996K, committed 7168K, reserved 1048576K
}
Event: 11.402 GC heap after
{Heap after GC invocations=19 (full 0):
 garbage-first heap   total 253952K, used 95376K [0x0000000701600000, 0x0000000800000000)
  region size 2048K, 3 young (6144K), 3 survivors (6144K)
 Metaspace       used 62220K, committed 62528K, reserved 1114112K
  class space    used 6996K, committed 7168K, reserved 1048576K
}
Event: 12.972 GC heap before
{Heap before GC invocations=19 (full 0):
 garbage-first heap   total 253952K, used 195728K [0x0000000701600000, 0x0000000800000000)
  region size 2048K, 52 young (106496K), 3 survivors (6144K)
 Metaspace       used 68433K, committed 68800K, reserved 1114112K
  class space    used 7578K, committed 7744K, reserved 1048576K
}
Event: 12.991 GC heap after
{Heap after GC invocations=20 (full 0):
 garbage-first heap   total 305152K, used 112640K [0x0000000701600000, 0x0000000800000000)
  region size 2048K, 7 young (14336K), 7 survivors (14336K)
 Metaspace       used 68433K, committed 68800K, reserved 1114112K
  class space    used 7578K, committed 7744K, reserved 1048576K
}
Event: 14.431 GC heap before
{Heap before GC invocations=20 (full 0):
 garbage-first heap   total 305152K, used 233472K [0x0000000701600000, 0x0000000800000000)
  region size 2048K, 66 young (135168K), 7 survivors (14336K)
 Metaspace       used 77725K, committed 78080K, reserved 1179648K
  class space    used 8512K, committed 8704K, reserved 1048576K
}
Event: 14.451 GC heap after
{Heap after GC invocations=21 (full 0):
 garbage-first heap   total 305152K, used 124259K [0x0000000701600000, 0x0000000800000000)
  region size 2048K, 6 young (12288K), 6 survivors (12288K)
 Metaspace       used 77725K, committed 78080K, reserved 1179648K
  class space    used 8512K, committed 8704K, reserved 1048576K
}

